A51 MACRO ASSEMBLER  LAB3TASK1                                                            09/11/2014 15:00:38 PAGE     1


MACRO ASSEMBLER A51 V8.02b
OBJECT MODULE PLACED IN Lab3Task1.OBJ
ASSEMBLER INVOKED BY: C:\Keil_v5\C51\BIN\A51.EXE Lab3Task1.a51 SET(SMALL) DEBUG EP

LOC  OBJ            LINE     SOURCE

0000                   1                     ORG 0000h
                       2                     
0000 7400              3                     MOV A, #0H
0002 7800              4                     MOV R0,#0H
0004 7900              5                     MOV R1,#0H
0006 7A00              6                     MOV R2,#0H
0008 7BFF              7                     MOV R3,#0FFH ;Start R3 as 255
                       8                     
000A 0A                9     LOOP:   INC R2
000B 2A               10                     ADD A,R2 
000C F8               11                     MOV R0,A       ;Increment low byte
000D 5001             12                     JNC NOCAR    ;If no carry add next value to A
000F 09               13                     INC R1       ;Increment high byte if cy = 1
                      14                     
0010 DBF8             15     NOCAR:  DJNZ R3,LOOP ;Repeat 255 times
                      16                     
                      17                     END
A51 MACRO ASSEMBLER  LAB3TASK1                                                            09/11/2014 15:00:38 PAGE     2

SYMBOL TABLE LISTING
------ ----- -------


N A M E             T Y P E  V A L U E   ATTRIBUTES

LOOP . . . . . . .  C ADDR   000AH   A   
NOCAR. . . . . . .  C ADDR   0010H   A   


REGISTER BANK(S) USED: 0 


ASSEMBLY COMPLETE.  0 WARNING(S), 0 ERROR(S)
