A51 MACRO ASSEMBLER  LAB5TASK1                                                            10/10/2014 09:27:27 PAGE     1


MACRO ASSEMBLER A51 V8.02b
OBJECT MODULE PLACED IN Lab5Task1.OBJ
ASSEMBLER INVOKED BY: C:\Keil_v5\C51\BIN\A51.EXE Lab5Task1.a51 SET(SMALL) DEBUG EP

LOC  OBJ            LINE     SOURCE

                       1     ; This program is called "My Little Chasing Cat".
                       2     
                       3     ; 1. Type in the program, compile and simulate it.
                       4     
                       5     ; 2. Observe what happens on port P1
                       6     
                       7     ; "My Little Chasing Cat".
                       8     
0000                   9     ORG     0000H
0000 020030           10     LJMP MAIN
0030                  11     ORG 0030H
                      12     
0030 7401             13     MAIN:   MOV A, #01H
0032 D287             14                     SETB P0.7
                      15     
0034                  16     LOOP:   
0034 308702           17                     JNB P0.7,HERE
0037 114A             18                     ACALL BOUNCE
                      19                     
0039 115D             20     HERE:   ACALL CHASE
                      21                     
                      22     
003B 80F7             23                     SJMP    LOOP
                      24                     
003D 7B1F             25     DELAY:  MOV R3, #01FH
003F 79FF             26     DLY0:   MOV R1, #0FFH
0041 7AFF             27     DLY1:   MOV R2, #0FFH
0043 DAFE             28     DLY2:   DJNZ R2, DLY2
0045 D9FA             29                     DJNZ R1, DLY1
0047 DBF6             30                     DJNZ R3, DLY0
0049 22               31                     RET
004A                  32     BOUNCE:         
004A 7807             33                     MOV R0,#07H
004C 7C07             34                     MOV R4,#07H
                      35             
004E F590             36     AGAIN:  MOV P1, A
0050 23               37                     RL A
0051 113D             38                     ACALL DELAY
0053 D8F9             39                     DJNZ R0,AGAIN
0055 F590             40     NEXT:   MOV P1, A
0057 03               41                     RR A
0058 113D             42                     ACALL DELAY
005A DCF9             43                     DJNZ R4,NEXT
005C 22               44                     RET
005D                  45     CHASE:  
005D 7808             46                     MOV R0,#08H
005F F590             47     AGN:    MOV P1, A
0061 23               48                     RL A
0062 113D             49                     ACALL DELAY
0064 D8F9             50                     DJNZ R0,AGN
0066 22               51                     RET
                      52                     
                      53     END
A51 MACRO ASSEMBLER  LAB5TASK1                                                            10/10/2014 09:27:27 PAGE     2

SYMBOL TABLE LISTING
------ ----- -------


N A M E             T Y P E  V A L U E   ATTRIBUTES

AGAIN. . . . . . .  C ADDR   004EH   A   
AGN. . . . . . . .  C ADDR   005FH   A   
BOUNCE . . . . . .  C ADDR   004AH   A   
CHASE. . . . . . .  C ADDR   005DH   A   
DELAY. . . . . . .  C ADDR   003DH   A   
DLY0 . . . . . . .  C ADDR   003FH   A   
DLY1 . . . . . . .  C ADDR   0041H   A   
DLY2 . . . . . . .  C ADDR   0043H   A   
HERE . . . . . . .  C ADDR   0039H   A   
LOOP . . . . . . .  C ADDR   0034H   A   
MAIN . . . . . . .  C ADDR   0030H   A   
NEXT . . . . . . .  C ADDR   0055H   A   
P0 . . . . . . . .  D ADDR   0080H   A   
P1 . . . . . . . .  D ADDR   0090H   A   


REGISTER BANK(S) USED: 0 


ASSEMBLY COMPLETE.  0 WARNING(S), 0 ERROR(S)
