A51 MACRO ASSEMBLER  LAB3TASK1                                                            09/08/2014 18:50:41 PAGE     1


MACRO ASSEMBLER A51 V8.02b
OBJECT MODULE PLACED IN Lab3Task1.OBJ
ASSEMBLER INVOKED BY: G:\Keil_v5\C51\BIN\A51.EXE Lab3Task1.a51 SET(SMALL) DEBUG EP

LOC  OBJ            LINE     SOURCE

0000                   1             ORG 00h
0000 7400              2                     MOV A,#0H
0002 7800              3                     MOV R0,#0H
0004 7900              4                     MOV R1,#0H
0006 7A00              5                     MOV R2,#0H
0008 7BFF              6                     MOV R3,#0FFH
                       7                     
000A 2A                8     LOOP:   ADD A,R2 
000B 0A                9                     INC R2
000C 08               10                     INC R0 ;Increment low byte
000D 50FB             11                     JNC LOOP ;If no carry add next value to A
000F 09               12                     INC R1 ;Increment high byte if cy = 1
0010 DBF8             13                     DJNZ R3,LOOP ;Repeat 255 times
                      14             END
A51 MACRO ASSEMBLER  LAB3TASK1                                                            09/08/2014 18:50:41 PAGE     2

SYMBOL TABLE LISTING
------ ----- -------


N A M E             T Y P E  V A L U E   ATTRIBUTES

LOOP . . . . . . .  C ADDR   000AH   A   


REGISTER BANK(S) USED: 0 


ASSEMBLY COMPLETE.  0 WARNING(S), 0 ERROR(S)
